Microsoft (R) Macro Assembler Version 6.15.8803		    02/09/11 18:07:06
eg0509.asm						     Page 1 - 1


				; eg0509.asm in Windows Console
					include io32.inc
			      C .nolist
			      C .list
			      C 
					;宏定义
				rfbit	macro bit1,bit2
					xor ebx,ebx	;EBX清0，用于保存字符
					rol  eax,bit1	;将某个标志左移BIT1位，进入当前CF
					adc ebx,30h	;转换为ASCII字符
					mov rfmsg+bit2,bl	;保存于字符串BIT2位置
					endm

 00000000				.data
 00000000 4F 46 3D 30 2C	rfmsg	byte 'OF=0, SF=0, ZF=0, AF=0, PF=0, CF=0',13,10,0
	   20 53 46 3D 30
	   2C 20 5A 46 3D
	   30 2C 20 41 46
	   3D 30 2C 20 50
	   46 3D 30 2C 20
	   43 46 3D 30 0D
	   0A 00
 00000000				.code
 00000000			start:
 00000000  B8 00000032			mov eax,50
 00000005  83 E8 50			sub eax,80	;假设一个运算
 00000008  9C				pushfd
 00000009  58				pop eax	;将标志位寄存器的内容存入EAX

					rfbit 21,3	;显示OF（原来的OF需左移21位，进入当前CF）
 0000000A  33 DB	     1		xor ebx,ebx	;EBX清0，用于保存字符
 0000000C  C1 C0 15	     1		rol  eax,21	;将某个标志左移BIT1位，进入当前CF
 0000000F  83 D3 30	     1		adc ebx,30h	;转换为ASCII字符
 00000012  88 1D 00000003 R  1		mov rfmsg+3,bl	;保存于字符串BIT2位置
					rfbit 4,9	;显示SF（原来的SF再左移4位，进入当前CF）
 00000018  33 DB	     1		xor ebx,ebx	;EBX清0，用于保存字符
 0000001A  C1 C0 04	     1		rol  eax,4	;将某个标志左移BIT1位，进入当前CF
 0000001D  83 D3 30	     1		adc ebx,30h	;转换为ASCII字符
 00000020  88 1D 00000009 R  1		mov rfmsg+9,bl	;保存于字符串BIT2位置
					rfbit 1,15	;显示ZF（原来的ZF再左移1位，进入当前CF）
 00000026  33 DB	     1		xor ebx,ebx	;EBX清0，用于保存字符
 00000028  D1 C0	     1		rol  eax,1	;将某个标志左移BIT1位，进入当前CF
 0000002A  83 D3 30	     1		adc ebx,30h	;转换为ASCII字符
 0000002D  88 1D 0000000F R  1		mov rfmsg+15,bl	;保存于字符串BIT2位置
					rfbit 2,21	;显示AF（原来的AF再左移2位，进入当前CF）
 00000033  33 DB	     1		xor ebx,ebx	;EBX清0，用于保存字符
 00000035  C1 C0 02	     1		rol  eax,2	;将某个标志左移BIT1位，进入当前CF
 00000038  83 D3 30	     1		adc ebx,30h	;转换为ASCII字符
 0000003B  88 1D 00000015 R  1		mov rfmsg+21,bl	;保存于字符串BIT2位置
					rfbit 2,27	;显示PF（原来的PF再左移2位，进入当前CF）
 00000041  33 DB	     1		xor ebx,ebx	;EBX清0，用于保存字符
 00000043  C1 C0 02	     1		rol  eax,2	;将某个标志左移BIT1位，进入当前CF
 00000046  83 D3 30	     1		adc ebx,30h	;转换为ASCII字符
 00000049  88 1D 0000001B R  1		mov rfmsg+27,bl	;保存于字符串BIT2位置
					rfbit 2,33	;显示CF（原来的CF再左移2位，进入当前CF）
 0000004F  33 DB	     1		xor ebx,ebx	;EBX清0，用于保存字符
 00000051  C1 C0 02	     1		rol  eax,2	;将某个标志左移BIT1位，进入当前CF
 00000054  83 D3 30	     1		adc ebx,30h	;转换为ASCII字符
 00000057  88 1D 00000021 R  1		mov rfmsg+33,bl	;保存于字符串BIT2位置
 0000005D  B8 00000000 R		mov eax,offset rfmsg
 00000062  E8 00000000 E		call dispmsg
					exit 0
 0000006E				end start
Microsoft (R) Macro Assembler Version 6.15.8803		    02/09/11 18:07:06
eg0509.asm						     Symbols 2 - 1




Macros:

                N a m e                 Type

ReadBinByte  . . . . . . . . . .	Proc
ReadBinDword . . . . . . . . . .	Proc
ReadBinWord  . . . . . . . . . .	Proc
ReadChar . . . . . . . . . . . .	Proc
ReadHexByte  . . . . . . . . . .	Proc
ReadHexDword . . . . . . . . . .	Proc
ReadHexWord  . . . . . . . . . .	Proc
ReadSDecByte . . . . . . . . . .	Proc
ReadSDecDword  . . . . . . . . .	Proc
ReadSDecWord . . . . . . . . . .	Proc
ReadString . . . . . . . . . . .	Proc
ReadUDecByte . . . . . . . . . .	Proc
ReadUDecDword  . . . . . . . . .	Proc
ReadUDecWord . . . . . . . . . .	Proc
WriteBinByte . . . . . . . . . .	Proc
WriteBinDword  . . . . . . . . .	Proc
WriteBinWord . . . . . . . . . .	Proc
WriteChar  . . . . . . . . . . .	Proc
WriteCrlf  . . . . . . . . . . .	Proc
WriteFlags . . . . . . . . . . .	Proc
WriteHexByte . . . . . . . . . .	Proc
WriteHexDword  . . . . . . . . .	Proc
WriteHexWord . . . . . . . . . .	Proc
WriteRegByte . . . . . . . . . .	Proc
WriteRegDword  . . . . . . . . .	Proc
WriteRegWord . . . . . . . . . .	Proc
WriteSDecByte  . . . . . . . . .	Proc
WriteSDecDword . . . . . . . . .	Proc
WriteSDecWord  . . . . . . . . .	Proc
WriteString  . . . . . . . . . .	Proc
WriteUDecByte  . . . . . . . . .	Proc
WriteUDecDword . . . . . . . . .	Proc
WriteUDecWord  . . . . . . . . .	Proc
exit . . . . . . . . . . . . . .	Proc
rfbit  . . . . . . . . . . . . .	Proc


Segments and Groups:

                N a m e                 Size     Length   Align   Combine Class

FLAT . . . . . . . . . . . . . .	GROUP
_DATA  . . . . . . . . . . . . .	32 Bit	 00000025 Para	  Public  'DATA'	
_TEXT  . . . . . . . . . . . . .	32 Bit	 0000006E Para	  Public  'CODE'	


Procedures,  parameters and locals:

                N a m e                 Type     Value    Attr

$$$00001 . . . . . . . . . . . .	P Near	 00000000 _TEXT	Length= 0000006E Private STDCALL
ExitProcess  . . . . . . . . . .	P Near	 00000000 FLAT	Length= 00000000 External STDCALL


Symbols:

                N a m e                 Type     Value    Attr

@CodeSize  . . . . . . . . . . .	Number	 00000000h   
@DataSize  . . . . . . . . . . .	Number	 00000000h   
@Interface . . . . . . . . . . .	Number	 00000003h   
@Model . . . . . . . . . . . . .	Number	 00000007h   
@code  . . . . . . . . . . . . .	Text   	 _TEXT
@data  . . . . . . . . . . . . .	Text   	 FLAT
@fardata?  . . . . . . . . . . .	Text   	 FLAT
@fardata . . . . . . . . . . . .	Text   	 FLAT
@stack . . . . . . . . . . . . .	Text   	 FLAT
dispbb . . . . . . . . . . . . .	L Near	 00000000 FLAT	External STDCALL
dispbd . . . . . . . . . . . . .	L Near	 00000000 FLAT	External STDCALL
dispbw . . . . . . . . . . . . .	L Near	 00000000 FLAT	External STDCALL
dispcrlf . . . . . . . . . . . .	L Near	 00000000 FLAT	External STDCALL
dispc  . . . . . . . . . . . . .	L Near	 00000000 FLAT	External STDCALL
disphb . . . . . . . . . . . . .	L Near	 00000000 FLAT	External STDCALL
disphd . . . . . . . . . . . . .	L Near	 00000000 FLAT	External STDCALL
disphw . . . . . . . . . . . . .	L Near	 00000000 FLAT	External STDCALL
dispmsg  . . . . . . . . . . . .	L Near	 00000000 FLAT	External STDCALL
disprb . . . . . . . . . . . . .	L Near	 00000000 FLAT	External STDCALL
disprd . . . . . . . . . . . . .	L Near	 00000000 FLAT	External STDCALL
disprf . . . . . . . . . . . . .	L Near	 00000000 FLAT	External STDCALL
disprw . . . . . . . . . . . . .	L Near	 00000000 FLAT	External STDCALL
dispsib  . . . . . . . . . . . .	L Near	 00000000 FLAT	External STDCALL
dispsid  . . . . . . . . . . . .	L Near	 00000000 FLAT	External STDCALL
dispsiw  . . . . . . . . . . . .	L Near	 00000000 FLAT	External STDCALL
dispuib  . . . . . . . . . . . .	L Near	 00000000 FLAT	External STDCALL
dispuid  . . . . . . . . . . . .	L Near	 00000000 FLAT	External STDCALL
dispuiw  . . . . . . . . . . . .	L Near	 00000000 FLAT	External STDCALL
readbb . . . . . . . . . . . . .	L Near	 00000000 FLAT	External STDCALL
readbd . . . . . . . . . . . . .	L Near	 00000000 FLAT	External STDCALL
readbw . . . . . . . . . . . . .	L Near	 00000000 FLAT	External STDCALL
readc  . . . . . . . . . . . . .	L Near	 00000000 FLAT	External STDCALL
readhb . . . . . . . . . . . . .	L Near	 00000000 FLAT	External STDCALL
readhd . . . . . . . . . . . . .	L Near	 00000000 FLAT	External STDCALL
readhw . . . . . . . . . . . . .	L Near	 00000000 FLAT	External STDCALL
readmsg  . . . . . . . . . . . .	L Near	 00000000 FLAT	External STDCALL
readsib  . . . . . . . . . . . .	L Near	 00000000 FLAT	External STDCALL
readsid  . . . . . . . . . . . .	L Near	 00000000 FLAT	External STDCALL
readsiw  . . . . . . . . . . . .	L Near	 00000000 FLAT	External STDCALL
readuib  . . . . . . . . . . . .	L Near	 00000000 FLAT	External STDCALL
readuid  . . . . . . . . . . . .	L Near	 00000000 FLAT	External STDCALL
readuiw  . . . . . . . . . . . .	L Near	 00000000 FLAT	External STDCALL
rfmsg  . . . . . . . . . . . . .	Byte	 00000000 _DATA	
start  . . . . . . . . . . . . .	L Near	 00000000 _TEXT	Public STDCALL

	   0 Warnings
	   0 Errors
