Microsoft (R) Macro Assembler Version 6.15.8803		    02/14/11 21:33:32
eg0707.asm						     Page 1 - 1


				;eg0707.asm in Windows Console using C Library
					include io32.inc
			      C .nolist
			      C 
			      C ;filename: io32.inc
			      C ;A include file used with io32.lib for Windows Console
			      C 
			      C 	.686
			      C 	.model flat,stdcall
			      C 
			      C 	option casemap:none
			      C 	includelib bin\kernel32.lib
			      C 
			      C ExitProcess proto,:DWORD
			      C exit	MACRO dwexitcode
			      C 	invoke ExitProcess,dwexitcode
			      C 	ENDM
			      C 
			      C ;declare procedures for inputting and outputting charactor or string
			      C 	extern readc:near,readmsg:near
			      C 	extern dispc:near,dispmsg:near,dispcrlf:near
			      C ;declare procedures for inputting and outputting binary number
			      C 	extern readbb:near,readbw:near,readbd:near
			      C 	extern dispbb:near,dispbw:near,dispbd:near
			      C ;declare procedures for inputting and outputting hexadecimal number
			      C 	extern readhb:near,readhw:near,readhd:near
			      C 	extern disphb:near,disphw:near,disphd:near
			      C ;declare procedures for inputting and outputting unsigned integer number
			      C 	extern readuib:near,readuiw:near,readuid:near
			      C 	extern dispuib:near,dispuiw:near,dispuid:near
			      C ;declare procedures for inputting and outputting signed integer number
			      C 	extern readsib:near,readsiw:near,readsid:near
			      C 	extern dispsib:near,dispsiw:near,dispsid:near
			      C ;declare procedures for outputting registers
			      C 	extern disprb:near,disprw:near,disprd:near,disprf:near
			      C ;declare I/O libraries
			      C 	includelib io32.lib
			      C 
			      C .list
			      C 
					includelib bin\msvcrt.lib
				printf	proto c,:ptr byte,:vararg
				scanf	proto c,:ptr byte,:vararg 
 00000000				.data
 00000000 45 6E 74 65 72	msg1	byte 'Enter a real number:  ',0
	   20 61 20 72 65
	   61 6C 20 6E 75
	   6D 62 65 72 3A
	   20 20 00
 00000017 25 66 00		format1	byte '%f',0
 0000001A 00000000		var	dword ?
 0000001E 54 68 65 20 63	msg2	byte 'The codes in machine:  %X',0dh,0ah,0
	   6F 64 65 73 20
	   69 6E 20 6D 61
	   63 68 69 6E 65
	   3A 20 20 25 58
	   0D 0A 00
 00000000				.code
 00000000			start:
 00000000				invoke printf,addr msg1
 00000000  68 00000000 R   *	    push   OFFSET msg1
 00000005  E8 00000000 E   *	    call   printf
 0000000A  83 C4 04	   *	    add    esp, 000000004h
					invoke scanf,addr format1,addr var
 0000000D  68 0000001A R   *	    push   OFFSET var
 00000012  68 00000017 R   *	    push   OFFSET format1
 00000017  E8 00000000 E   *	    call   scanf
 0000001C  83 C4 08	   *	    add    esp, 000000008h
					invoke printf,addr msg2,var
 0000001F  FF 35 0000001A R *	    push   var
 00000025  68 0000001E R   *	    push   OFFSET msg2
 0000002A  E8 00000000 E   *	    call   printf
 0000002F  83 C4 08	   *	    add    esp, 000000008h
					exit 0
 00000032  6A 00	   *	    push   +000000000h
 00000034  E8 00000000 E   *	    call   ExitProcess
			     1		invoke ExitProcess,0
 00000039				end start
Microsoft (R) Macro Assembler Version 6.15.8803		    02/14/11 21:33:32
eg0707.asm						     Symbols 2 - 1




Macros:

                N a m e                 Type

exit . . . . . . . . . . . . . .	Proc


Segments and Groups:

                N a m e                 Size     Length   Align   Combine Class

FLAT . . . . . . . . . . . . . .	GROUP
_DATA  . . . . . . . . . . . . .	32 Bit	 0000003A Para	  Public  'DATA'	
_TEXT  . . . . . . . . . . . . .	32 Bit	 00000039 Para	  Public  'CODE'	


Procedures,  parameters and locals:

                N a m e                 Type     Value    Attr

$$$00001 . . . . . . . . . . . .	P Near	 00000000 _TEXT	Length= 00000039 Private STDCALL
ExitProcess  . . . . . . . . . .	P Near	 00000000 FLAT	Length= 00000000 External STDCALL
printf . . . . . . . . . . . . .	P Near	 00000000 FLAT	Length= 00000000 External C
scanf  . . . . . . . . . . . . .	P Near	 00000000 FLAT	Length= 00000000 External C


Symbols:

                N a m e                 Type     Value    Attr

@CodeSize  . . . . . . . . . . .	Number	 00000000h   
@DataSize  . . . . . . . . . . .	Number	 00000000h   
@Interface . . . . . . . . . . .	Number	 00000003h   
@Model . . . . . . . . . . . . .	Number	 00000007h   
@code  . . . . . . . . . . . . .	Text   	 _TEXT
@data  . . . . . . . . . . . . .	Text   	 FLAT
@fardata?  . . . . . . . . . . .	Text   	 FLAT
@fardata . . . . . . . . . . . .	Text   	 FLAT
@stack . . . . . . . . . . . . .	Text   	 FLAT
dispbb . . . . . . . . . . . . .	L Near	 00000000 FLAT	External STDCALL
dispbd . . . . . . . . . . . . .	L Near	 00000000 FLAT	External STDCALL
dispbw . . . . . . . . . . . . .	L Near	 00000000 FLAT	External STDCALL
dispcrlf . . . . . . . . . . . .	L Near	 00000000 FLAT	External STDCALL
dispc  . . . . . . . . . . . . .	L Near	 00000000 FLAT	External STDCALL
disphb . . . . . . . . . . . . .	L Near	 00000000 FLAT	External STDCALL
disphd . . . . . . . . . . . . .	L Near	 00000000 FLAT	External STDCALL
disphw . . . . . . . . . . . . .	L Near	 00000000 FLAT	External STDCALL
dispmsg  . . . . . . . . . . . .	L Near	 00000000 FLAT	External STDCALL
disprb . . . . . . . . . . . . .	L Near	 00000000 FLAT	External STDCALL
disprd . . . . . . . . . . . . .	L Near	 00000000 FLAT	External STDCALL
disprf . . . . . . . . . . . . .	L Near	 00000000 FLAT	External STDCALL
disprw . . . . . . . . . . . . .	L Near	 00000000 FLAT	External STDCALL
dispsib  . . . . . . . . . . . .	L Near	 00000000 FLAT	External STDCALL
dispsid  . . . . . . . . . . . .	L Near	 00000000 FLAT	External STDCALL
dispsiw  . . . . . . . . . . . .	L Near	 00000000 FLAT	External STDCALL
dispuib  . . . . . . . . . . . .	L Near	 00000000 FLAT	External STDCALL
dispuid  . . . . . . . . . . . .	L Near	 00000000 FLAT	External STDCALL
dispuiw  . . . . . . . . . . . .	L Near	 00000000 FLAT	External STDCALL
format1  . . . . . . . . . . . .	Byte	 00000017 _DATA	
msg1 . . . . . . . . . . . . . .	Byte	 00000000 _DATA	
msg2 . . . . . . . . . . . . . .	Byte	 0000001E _DATA	
readbb . . . . . . . . . . . . .	L Near	 00000000 FLAT	External STDCALL
readbd . . . . . . . . . . . . .	L Near	 00000000 FLAT	External STDCALL
readbw . . . . . . . . . . . . .	L Near	 00000000 FLAT	External STDCALL
readc  . . . . . . . . . . . . .	L Near	 00000000 FLAT	External STDCALL
readhb . . . . . . . . . . . . .	L Near	 00000000 FLAT	External STDCALL
readhd . . . . . . . . . . . . .	L Near	 00000000 FLAT	External STDCALL
readhw . . . . . . . . . . . . .	L Near	 00000000 FLAT	External STDCALL
readmsg  . . . . . . . . . . . .	L Near	 00000000 FLAT	External STDCALL
readsib  . . . . . . . . . . . .	L Near	 00000000 FLAT	External STDCALL
readsid  . . . . . . . . . . . .	L Near	 00000000 FLAT	External STDCALL
readsiw  . . . . . . . . . . . .	L Near	 00000000 FLAT	External STDCALL
readuib  . . . . . . . . . . . .	L Near	 00000000 FLAT	External STDCALL
readuid  . . . . . . . . . . . .	L Near	 00000000 FLAT	External STDCALL
readuiw  . . . . . . . . . . . .	L Near	 00000000 FLAT	External STDCALL
start  . . . . . . . . . . . . .	L Near	 00000000 _TEXT	Public STDCALL
var  . . . . . . . . . . . . . .	DWord	 0000001A _DATA	

	   0 Warnings
	   0 Errors
